Created by PLY version 3.11 (http://www.dabeaz.com/ply)

Grammar

Rule 0     S' -> statement
Rule 1     statement -> NAME EQUALS expression
Rule 2     statement -> expression
Rule 3     expression -> expression PLUS expression
Rule 4     expression -> expression MINUS expression
Rule 5     expression -> expression TIMES expression
Rule 6     expression -> expression DIVIDE expression
Rule 7     expression -> expression MODULO expression
Rule 8     expression -> expression FLOOR expression
Rule 9     expression -> MINUS expression
Rule 10    expression -> LPAREN expression RPAREN
Rule 11    expression -> NUMBER
Rule 12    expression -> NAME

Terminals, with rules where they appear

DIVIDE               : 6
EQUALS               : 1
FLOOR                : 8
LPAREN               : 10
MINUS                : 4 9
MODULO               : 7
NAME                 : 1 12
NUMBER               : 11
PLUS                 : 3
RPAREN               : 10
TIMES                : 5
error                : 

Nonterminals, with rules where they appear

expression           : 1 2 3 3 4 4 5 5 6 6 7 7 8 8 9 10
statement            : 0

Parsing method: LALR

state 0

    (0) S' -> . statement
    (1) statement -> . NAME EQUALS expression
    (2) statement -> . expression
    (3) expression -> . expression PLUS expression
    (4) expression -> . expression MINUS expression
    (5) expression -> . expression TIMES expression
    (6) expression -> . expression DIVIDE expression
    (7) expression -> . expression MODULO expression
    (8) expression -> . expression FLOOR expression
    (9) expression -> . MINUS expression
    (10) expression -> . LPAREN expression RPAREN
    (11) expression -> . NUMBER
    (12) expression -> . NAME

    NAME            shift and go to state 2
    MINUS           shift and go to state 4
    LPAREN          shift and go to state 5
    NUMBER          shift and go to state 6

    statement                      shift and go to state 1
    expression                     shift and go to state 3

state 1

    (0) S' -> statement .



state 2

    (1) statement -> NAME . EQUALS expression
    (12) expression -> NAME .

    EQUALS          shift and go to state 7
    PLUS            reduce using rule 12 (expression -> NAME .)
    MINUS           reduce using rule 12 (expression -> NAME .)
    TIMES           reduce using rule 12 (expression -> NAME .)
    DIVIDE          reduce using rule 12 (expression -> NAME .)
    MODULO          reduce using rule 12 (expression -> NAME .)
    FLOOR           reduce using rule 12 (expression -> NAME .)
    $end            reduce using rule 12 (expression -> NAME .)


state 3

    (2) statement -> expression .
    (3) expression -> expression . PLUS expression
    (4) expression -> expression . MINUS expression
    (5) expression -> expression . TIMES expression
    (6) expression -> expression . DIVIDE expression
    (7) expression -> expression . MODULO expression
    (8) expression -> expression . FLOOR expression

    $end            reduce using rule 2 (statement -> expression .)
    PLUS            shift and go to state 8
    MINUS           shift and go to state 9
    TIMES           shift and go to state 10
    DIVIDE          shift and go to state 11
    MODULO          shift and go to state 12
    FLOOR           shift and go to state 13


state 4

    (9) expression -> MINUS . expression
    (3) expression -> . expression PLUS expression
    (4) expression -> . expression MINUS expression
    (5) expression -> . expression TIMES expression
    (6) expression -> . expression DIVIDE expression
    (7) expression -> . expression MODULO expression
    (8) expression -> . expression FLOOR expression
    (9) expression -> . MINUS expression
    (10) expression -> . LPAREN expression RPAREN
    (11) expression -> . NUMBER
    (12) expression -> . NAME

    MINUS           shift and go to state 4
    LPAREN          shift and go to state 5
    NUMBER          shift and go to state 6
    NAME            shift and go to state 15

    expression                     shift and go to state 14

state 5

    (10) expression -> LPAREN . expression RPAREN
    (3) expression -> . expression PLUS expression
    (4) expression -> . expression MINUS expression
    (5) expression -> . expression TIMES expression
    (6) expression -> . expression DIVIDE expression
    (7) expression -> . expression MODULO expression
    (8) expression -> . expression FLOOR expression
    (9) expression -> . MINUS expression
    (10) expression -> . LPAREN expression RPAREN
    (11) expression -> . NUMBER
    (12) expression -> . NAME

    MINUS           shift and go to state 4
    LPAREN          shift and go to state 5
    NUMBER          shift and go to state 6
    NAME            shift and go to state 15

    expression                     shift and go to state 16

state 6

    (11) expression -> NUMBER .

    PLUS            reduce using rule 11 (expression -> NUMBER .)
    MINUS           reduce using rule 11 (expression -> NUMBER .)
    TIMES           reduce using rule 11 (expression -> NUMBER .)
    DIVIDE          reduce using rule 11 (expression -> NUMBER .)
    MODULO          reduce using rule 11 (expression -> NUMBER .)
    FLOOR           reduce using rule 11 (expression -> NUMBER .)
    $end            reduce using rule 11 (expression -> NUMBER .)
    RPAREN          reduce using rule 11 (expression -> NUMBER .)


state 7

    (1) statement -> NAME EQUALS . expression
    (3) expression -> . expression PLUS expression
    (4) expression -> . expression MINUS expression
    (5) expression -> . expression TIMES expression
    (6) expression -> . expression DIVIDE expression
    (7) expression -> . expression MODULO expression
    (8) expression -> . expression FLOOR expression
    (9) expression -> . MINUS expression
    (10) expression -> . LPAREN expression RPAREN
    (11) expression -> . NUMBER
    (12) expression -> . NAME

    MINUS           shift and go to state 4
    LPAREN          shift and go to state 5
    NUMBER          shift and go to state 6
    NAME            shift and go to state 15

    expression                     shift and go to state 17

state 8

    (3) expression -> expression PLUS . expression
    (3) expression -> . expression PLUS expression
    (4) expression -> . expression MINUS expression
    (5) expression -> . expression TIMES expression
    (6) expression -> . expression DIVIDE expression
    (7) expression -> . expression MODULO expression
    (8) expression -> . expression FLOOR expression
    (9) expression -> . MINUS expression
    (10) expression -> . LPAREN expression RPAREN
    (11) expression -> . NUMBER
    (12) expression -> . NAME

    MINUS           shift and go to state 4
    LPAREN          shift and go to state 5
    NUMBER          shift and go to state 6
    NAME            shift and go to state 15

    expression                     shift and go to state 18

state 9

    (4) expression -> expression MINUS . expression
    (3) expression -> . expression PLUS expression
    (4) expression -> . expression MINUS expression
    (5) expression -> . expression TIMES expression
    (6) expression -> . expression DIVIDE expression
    (7) expression -> . expression MODULO expression
    (8) expression -> . expression FLOOR expression
    (9) expression -> . MINUS expression
    (10) expression -> . LPAREN expression RPAREN
    (11) expression -> . NUMBER
    (12) expression -> . NAME

    MINUS           shift and go to state 4
    LPAREN          shift and go to state 5
    NUMBER          shift and go to state 6
    NAME            shift and go to state 15

    expression                     shift and go to state 19

state 10

    (5) expression -> expression TIMES . expression
    (3) expression -> . expression PLUS expression
    (4) expression -> . expression MINUS expression
    (5) expression -> . expression TIMES expression
    (6) expression -> . expression DIVIDE expression
    (7) expression -> . expression MODULO expression
    (8) expression -> . expression FLOOR expression
    (9) expression -> . MINUS expression
    (10) expression -> . LPAREN expression RPAREN
    (11) expression -> . NUMBER
    (12) expression -> . NAME

    MINUS           shift and go to state 4
    LPAREN          shift and go to state 5
    NUMBER          shift and go to state 6
    NAME            shift and go to state 15

    expression                     shift and go to state 20

state 11

    (6) expression -> expression DIVIDE . expression
    (3) expression -> . expression PLUS expression
    (4) expression -> . expression MINUS expression
    (5) expression -> . expression TIMES expression
    (6) expression -> . expression DIVIDE expression
    (7) expression -> . expression MODULO expression
    (8) expression -> . expression FLOOR expression
    (9) expression -> . MINUS expression
    (10) expression -> . LPAREN expression RPAREN
    (11) expression -> . NUMBER
    (12) expression -> . NAME

    MINUS           shift and go to state 4
    LPAREN          shift and go to state 5
    NUMBER          shift and go to state 6
    NAME            shift and go to state 15

    expression                     shift and go to state 21

state 12

    (7) expression -> expression MODULO . expression
    (3) expression -> . expression PLUS expression
    (4) expression -> . expression MINUS expression
    (5) expression -> . expression TIMES expression
    (6) expression -> . expression DIVIDE expression
    (7) expression -> . expression MODULO expression
    (8) expression -> . expression FLOOR expression
    (9) expression -> . MINUS expression
    (10) expression -> . LPAREN expression RPAREN
    (11) expression -> . NUMBER
    (12) expression -> . NAME

    MINUS           shift and go to state 4
    LPAREN          shift and go to state 5
    NUMBER          shift and go to state 6
    NAME            shift and go to state 15

    expression                     shift and go to state 22

state 13

    (8) expression -> expression FLOOR . expression
    (3) expression -> . expression PLUS expression
    (4) expression -> . expression MINUS expression
    (5) expression -> . expression TIMES expression
    (6) expression -> . expression DIVIDE expression
    (7) expression -> . expression MODULO expression
    (8) expression -> . expression FLOOR expression
    (9) expression -> . MINUS expression
    (10) expression -> . LPAREN expression RPAREN
    (11) expression -> . NUMBER
    (12) expression -> . NAME

    MINUS           shift and go to state 4
    LPAREN          shift and go to state 5
    NUMBER          shift and go to state 6
    NAME            shift and go to state 15

    expression                     shift and go to state 23

state 14

    (9) expression -> MINUS expression .
    (3) expression -> expression . PLUS expression
    (4) expression -> expression . MINUS expression
    (5) expression -> expression . TIMES expression
    (6) expression -> expression . DIVIDE expression
    (7) expression -> expression . MODULO expression
    (8) expression -> expression . FLOOR expression

    PLUS            reduce using rule 9 (expression -> MINUS expression .)
    MINUS           reduce using rule 9 (expression -> MINUS expression .)
    TIMES           reduce using rule 9 (expression -> MINUS expression .)
    DIVIDE          reduce using rule 9 (expression -> MINUS expression .)
    MODULO          reduce using rule 9 (expression -> MINUS expression .)
    FLOOR           reduce using rule 9 (expression -> MINUS expression .)
    $end            reduce using rule 9 (expression -> MINUS expression .)
    RPAREN          reduce using rule 9 (expression -> MINUS expression .)

  ! PLUS            [ shift and go to state 8 ]
  ! MINUS           [ shift and go to state 9 ]
  ! TIMES           [ shift and go to state 10 ]
  ! DIVIDE          [ shift and go to state 11 ]
  ! MODULO          [ shift and go to state 12 ]
  ! FLOOR           [ shift and go to state 13 ]


state 15

    (12) expression -> NAME .

    PLUS            reduce using rule 12 (expression -> NAME .)
    MINUS           reduce using rule 12 (expression -> NAME .)
    TIMES           reduce using rule 12 (expression -> NAME .)
    DIVIDE          reduce using rule 12 (expression -> NAME .)
    MODULO          reduce using rule 12 (expression -> NAME .)
    FLOOR           reduce using rule 12 (expression -> NAME .)
    $end            reduce using rule 12 (expression -> NAME .)
    RPAREN          reduce using rule 12 (expression -> NAME .)


state 16

    (10) expression -> LPAREN expression . RPAREN
    (3) expression -> expression . PLUS expression
    (4) expression -> expression . MINUS expression
    (5) expression -> expression . TIMES expression
    (6) expression -> expression . DIVIDE expression
    (7) expression -> expression . MODULO expression
    (8) expression -> expression . FLOOR expression

    RPAREN          shift and go to state 24
    PLUS            shift and go to state 8
    MINUS           shift and go to state 9
    TIMES           shift and go to state 10
    DIVIDE          shift and go to state 11
    MODULO          shift and go to state 12
    FLOOR           shift and go to state 13


state 17

    (1) statement -> NAME EQUALS expression .
    (3) expression -> expression . PLUS expression
    (4) expression -> expression . MINUS expression
    (5) expression -> expression . TIMES expression
    (6) expression -> expression . DIVIDE expression
    (7) expression -> expression . MODULO expression
    (8) expression -> expression . FLOOR expression

    $end            reduce using rule 1 (statement -> NAME EQUALS expression .)
    PLUS            shift and go to state 8
    MINUS           shift and go to state 9
    TIMES           shift and go to state 10
    DIVIDE          shift and go to state 11
    MODULO          shift and go to state 12
    FLOOR           shift and go to state 13


state 18

    (3) expression -> expression PLUS expression .
    (3) expression -> expression . PLUS expression
    (4) expression -> expression . MINUS expression
    (5) expression -> expression . TIMES expression
    (6) expression -> expression . DIVIDE expression
    (7) expression -> expression . MODULO expression
    (8) expression -> expression . FLOOR expression

    PLUS            reduce using rule 3 (expression -> expression PLUS expression .)
    MINUS           reduce using rule 3 (expression -> expression PLUS expression .)
    $end            reduce using rule 3 (expression -> expression PLUS expression .)
    RPAREN          reduce using rule 3 (expression -> expression PLUS expression .)
    TIMES           shift and go to state 10
    DIVIDE          shift and go to state 11
    MODULO          shift and go to state 12
    FLOOR           shift and go to state 13

  ! TIMES           [ reduce using rule 3 (expression -> expression PLUS expression .) ]
  ! DIVIDE          [ reduce using rule 3 (expression -> expression PLUS expression .) ]
  ! MODULO          [ reduce using rule 3 (expression -> expression PLUS expression .) ]
  ! FLOOR           [ reduce using rule 3 (expression -> expression PLUS expression .) ]
  ! PLUS            [ shift and go to state 8 ]
  ! MINUS           [ shift and go to state 9 ]


state 19

    (4) expression -> expression MINUS expression .
    (3) expression -> expression . PLUS expression
    (4) expression -> expression . MINUS expression
    (5) expression -> expression . TIMES expression
    (6) expression -> expression . DIVIDE expression
    (7) expression -> expression . MODULO expression
    (8) expression -> expression . FLOOR expression

    PLUS            reduce using rule 4 (expression -> expression MINUS expression .)
    MINUS           reduce using rule 4 (expression -> expression MINUS expression .)
    $end            reduce using rule 4 (expression -> expression MINUS expression .)
    RPAREN          reduce using rule 4 (expression -> expression MINUS expression .)
    TIMES           shift and go to state 10
    DIVIDE          shift and go to state 11
    MODULO          shift and go to state 12
    FLOOR           shift and go to state 13

  ! TIMES           [ reduce using rule 4 (expression -> expression MINUS expression .) ]
  ! DIVIDE          [ reduce using rule 4 (expression -> expression MINUS expression .) ]
  ! MODULO          [ reduce using rule 4 (expression -> expression MINUS expression .) ]
  ! FLOOR           [ reduce using rule 4 (expression -> expression MINUS expression .) ]
  ! PLUS            [ shift and go to state 8 ]
  ! MINUS           [ shift and go to state 9 ]


state 20

    (5) expression -> expression TIMES expression .
    (3) expression -> expression . PLUS expression
    (4) expression -> expression . MINUS expression
    (5) expression -> expression . TIMES expression
    (6) expression -> expression . DIVIDE expression
    (7) expression -> expression . MODULO expression
    (8) expression -> expression . FLOOR expression

    PLUS            reduce using rule 5 (expression -> expression TIMES expression .)
    MINUS           reduce using rule 5 (expression -> expression TIMES expression .)
    TIMES           reduce using rule 5 (expression -> expression TIMES expression .)
    DIVIDE          reduce using rule 5 (expression -> expression TIMES expression .)
    MODULO          reduce using rule 5 (expression -> expression TIMES expression .)
    FLOOR           reduce using rule 5 (expression -> expression TIMES expression .)
    $end            reduce using rule 5 (expression -> expression TIMES expression .)
    RPAREN          reduce using rule 5 (expression -> expression TIMES expression .)

  ! PLUS            [ shift and go to state 8 ]
  ! MINUS           [ shift and go to state 9 ]
  ! TIMES           [ shift and go to state 10 ]
  ! DIVIDE          [ shift and go to state 11 ]
  ! MODULO          [ shift and go to state 12 ]
  ! FLOOR           [ shift and go to state 13 ]


state 21

    (6) expression -> expression DIVIDE expression .
    (3) expression -> expression . PLUS expression
    (4) expression -> expression . MINUS expression
    (5) expression -> expression . TIMES expression
    (6) expression -> expression . DIVIDE expression
    (7) expression -> expression . MODULO expression
    (8) expression -> expression . FLOOR expression

    PLUS            reduce using rule 6 (expression -> expression DIVIDE expression .)
    MINUS           reduce using rule 6 (expression -> expression DIVIDE expression .)
    TIMES           reduce using rule 6 (expression -> expression DIVIDE expression .)
    DIVIDE          reduce using rule 6 (expression -> expression DIVIDE expression .)
    MODULO          reduce using rule 6 (expression -> expression DIVIDE expression .)
    FLOOR           reduce using rule 6 (expression -> expression DIVIDE expression .)
    $end            reduce using rule 6 (expression -> expression DIVIDE expression .)
    RPAREN          reduce using rule 6 (expression -> expression DIVIDE expression .)

  ! PLUS            [ shift and go to state 8 ]
  ! MINUS           [ shift and go to state 9 ]
  ! TIMES           [ shift and go to state 10 ]
  ! DIVIDE          [ shift and go to state 11 ]
  ! MODULO          [ shift and go to state 12 ]
  ! FLOOR           [ shift and go to state 13 ]


state 22

    (7) expression -> expression MODULO expression .
    (3) expression -> expression . PLUS expression
    (4) expression -> expression . MINUS expression
    (5) expression -> expression . TIMES expression
    (6) expression -> expression . DIVIDE expression
    (7) expression -> expression . MODULO expression
    (8) expression -> expression . FLOOR expression

    PLUS            reduce using rule 7 (expression -> expression MODULO expression .)
    MINUS           reduce using rule 7 (expression -> expression MODULO expression .)
    TIMES           reduce using rule 7 (expression -> expression MODULO expression .)
    DIVIDE          reduce using rule 7 (expression -> expression MODULO expression .)
    MODULO          reduce using rule 7 (expression -> expression MODULO expression .)
    FLOOR           reduce using rule 7 (expression -> expression MODULO expression .)
    $end            reduce using rule 7 (expression -> expression MODULO expression .)
    RPAREN          reduce using rule 7 (expression -> expression MODULO expression .)

  ! PLUS            [ shift and go to state 8 ]
  ! MINUS           [ shift and go to state 9 ]
  ! TIMES           [ shift and go to state 10 ]
  ! DIVIDE          [ shift and go to state 11 ]
  ! MODULO          [ shift and go to state 12 ]
  ! FLOOR           [ shift and go to state 13 ]


state 23

    (8) expression -> expression FLOOR expression .
    (3) expression -> expression . PLUS expression
    (4) expression -> expression . MINUS expression
    (5) expression -> expression . TIMES expression
    (6) expression -> expression . DIVIDE expression
    (7) expression -> expression . MODULO expression
    (8) expression -> expression . FLOOR expression

    PLUS            reduce using rule 8 (expression -> expression FLOOR expression .)
    MINUS           reduce using rule 8 (expression -> expression FLOOR expression .)
    TIMES           reduce using rule 8 (expression -> expression FLOOR expression .)
    DIVIDE          reduce using rule 8 (expression -> expression FLOOR expression .)
    MODULO          reduce using rule 8 (expression -> expression FLOOR expression .)
    FLOOR           reduce using rule 8 (expression -> expression FLOOR expression .)
    $end            reduce using rule 8 (expression -> expression FLOOR expression .)
    RPAREN          reduce using rule 8 (expression -> expression FLOOR expression .)

  ! PLUS            [ shift and go to state 8 ]
  ! MINUS           [ shift and go to state 9 ]
  ! TIMES           [ shift and go to state 10 ]
  ! DIVIDE          [ shift and go to state 11 ]
  ! MODULO          [ shift and go to state 12 ]
  ! FLOOR           [ shift and go to state 13 ]


state 24

    (10) expression -> LPAREN expression RPAREN .

    PLUS            reduce using rule 10 (expression -> LPAREN expression RPAREN .)
    MINUS           reduce using rule 10 (expression -> LPAREN expression RPAREN .)
    TIMES           reduce using rule 10 (expression -> LPAREN expression RPAREN .)
    DIVIDE          reduce using rule 10 (expression -> LPAREN expression RPAREN .)
    MODULO          reduce using rule 10 (expression -> LPAREN expression RPAREN .)
    FLOOR           reduce using rule 10 (expression -> LPAREN expression RPAREN .)
    $end            reduce using rule 10 (expression -> LPAREN expression RPAREN .)
    RPAREN          reduce using rule 10 (expression -> LPAREN expression RPAREN .)

